# JRE version: OpenJDK Runtime Environment (21.0.6) (build 21.0.6+-13391695-b895.109)
# Java VM: OpenJDK 64-Bit Server VM (21.0.6+-13391695-b895.109, mixed mode, tiered, compressed oops, compressed class ptrs, g1 gc, windows-amd64)
GC Precious Log:
 CardTable entry size: 512
 Card Set container configuration: InlinePtr #cards 5 size 8 Array Of Cards #cards 12 size 40 Howl #buckets 4 coarsen threshold 1843 Howl Bitmap #cards 512 size 80 coarsen threshold 460 Card regions per heap region 1 cards per card region 2048
 CPUs: 12 total, 12 available
 Memory: 16175M
 Large Page Support: Disabled
 NUMA Support: Disabled
 Compressed Oops: Enabled (32-bit)
 Heap Region Size: 1M
 Heap Min Capacity: 8M
 Heap Initial Capacity: 254M
 Heap Max Capacity: 2G
 Pre-touch: Disabled
 Parallel Workers: 10
 Concurrent Workers: 3
 Concurrent Refinement Workers: 10
 Periodic GC: Disabled
Heap:
 garbage-first heap   total 196608K, used 154708K [0x0000000080000000, 0x0000000100000000)
  region size 1024K, 38 young (38912K), 7 survivors (7168K)
 Metaspace       used 119044K, committed 121280K, reserved 1179648K
  class space    used 16360K, committed 17536K, reserved 1048576K
GC Heap History (20 events):
Event: 13.832 GC heap before
{Heap before GC invocations=36 (full 0):
 garbage-first heap   total 160768K, used 127568K [0x0000000080000000, 0x0000000100000000)
  region size 1024K, 37 young (37888K), 6 survivors (6144K)
 Metaspace       used 91896K, committed 93952K, reserved 1179648K
  class space    used 12336K, committed 13376K, reserved 1048576K
}
Event: 13.835 GC heap after
{Heap after GC invocations=37 (full 0):
 garbage-first heap   total 160768K, used 98299K [0x0000000080000000, 0x0000000100000000)
  region size 1024K, 4 young (4096K), 4 survivors (4096K)
 Metaspace       used 91896K, committed 93952K, reserved 1179648K
  class space    used 12336K, committed 13376K, reserved 1048576K
}
Event: 14.322 GC heap before
{Heap before GC invocations=37 (full 0):
 garbage-first heap   total 160768K, used 144379K [0x0000000080000000, 0x0000000100000000)
  region size 1024K, 49 young (50176K), 4 survivors (4096K)
 Metaspace       used 95522K, committed 97536K, reserved 1179648K
  class space    used 12826K, committed 13888K, reserved 1048576K
}
Event: 14.324 GC heap after
{Heap after GC invocations=38 (full 0):
 garbage-first heap   total 160768K, used 99304K [0x0000000080000000, 0x0000000100000000)
  region size 1024K, 6 young (6144K), 6 survivors (6144K)
 Metaspace       used 95522K, committed 97536K, reserved 1179648K
  class space    used 12826K, committed 13888K, reserved 1048576K
}
Event: 14.880 GC heap before
{Heap before GC invocations=38 (full 0):
 garbage-first heap   total 160768K, used 144360K [0x0000000080000000, 0x0000000100000000)
  region size 1024K, 50 young (51200K), 6 survivors (6144K)
 Metaspace       used 99310K, committed 101376K, reserved 1179648K
  class space    used 13507K, committed 14592K, reserved 1048576K
}
Event: 14.883 GC heap after
{Heap after GC invocations=39 (full 0):
 garbage-first heap   total 160768K, used 100330K [0x0000000080000000, 0x0000000100000000)
  region size 1024K, 4 young (4096K), 4 survivors (4096K)
 Metaspace       used 99310K, committed 101376K, reserved 1179648K
  class space    used 13507K, committed 14592K, reserved 1048576K
}
Event: 15.391 GC heap before
{Heap before GC invocations=40 (full 0):
 garbage-first heap   total 168960K, used 146410K [0x0000000080000000, 0x0000000100000000)
  region size 1024K, 49 young (50176K), 4 survivors (4096K)
 Metaspace       used 102342K, committed 104448K, reserved 1179648K
  class space    used 13985K, committed 15104K, reserved 1048576K
}
Event: 15.394 GC heap after
{Heap after GC invocations=41 (full 0):
 garbage-first heap   total 168960K, used 102864K [0x0000000080000000, 0x0000000100000000)
  region size 1024K, 6 young (6144K), 6 survivors (6144K)
 Metaspace       used 102342K, committed 104448K, reserved 1179648K
  class space    used 13985K, committed 15104K, reserved 1048576K
}
Event: 15.928 GC heap before
{Heap before GC invocations=41 (full 0):
 garbage-first heap   total 168960K, used 153040K [0x0000000080000000, 0x0000000100000000)
  region size 1024K, 55 young (56320K), 6 survivors (6144K)
 Metaspace       used 105324K, committed 107584K, reserved 1179648K
  class space    used 14395K, committed 15552K, reserved 1048576K
}
Event: 15.933 GC heap after
{Heap after GC invocations=42 (full 0):
 garbage-first heap   total 168960K, used 104307K [0x0000000080000000, 0x0000000100000000)
  region size 1024K, 6 young (6144K), 6 survivors (6144K)
 Metaspace       used 105324K, committed 107584K, reserved 1179648K
  class space    used 14395K, committed 15552K, reserved 1048576K
}
Event: 16.274 GC heap before
{Heap before GC invocations=42 (full 0):
 garbage-first heap   total 168960K, used 152435K [0x0000000080000000, 0x0000000100000000)
  region size 1024K, 53 young (54272K), 6 survivors (6144K)
 Metaspace       used 106171K, committed 108352K, reserved 1179648K
  class space    used 14503K, committed 15616K, reserved 1048576K
}
Event: 16.278 GC heap after
{Heap after GC invocations=43 (full 0):
 garbage-first heap   total 168960K, used 108462K [0x0000000080000000, 0x0000000100000000)
  region size 1024K, 7 young (7168K), 7 survivors (7168K)
 Metaspace       used 106171K, committed 108352K, reserved 1179648K
  class space    used 14503K, committed 15616K, reserved 1048576K
}
Event: 16.832 GC heap before
{Heap before GC invocations=44 (full 0):
 garbage-first heap   total 181248K, used 151470K [0x0000000080000000, 0x0000000100000000)
  region size 1024K, 49 young (50176K), 7 survivors (7168K)
 Metaspace       used 108595K, committed 110848K, reserved 1179648K
  class space    used 14875K, committed 16000K, reserved 1048576K
}
Event: 16.837 GC heap after
{Heap after GC invocations=45 (full 0):
 garbage-first heap   total 181248K, used 112602K [0x0000000080000000, 0x0000000100000000)
  region size 1024K, 4 young (4096K), 4 survivors (4096K)
 Metaspace       used 108595K, committed 110848K, reserved 1179648K
  class space    used 14875K, committed 16000K, reserved 1048576K
}
Event: 17.453 GC heap before
{Heap before GC invocations=45 (full 0):
 garbage-first heap   total 181248K, used 165850K [0x0000000080000000, 0x0000000100000000)
  region size 1024K, 56 young (57344K), 4 survivors (4096K)
 Metaspace       used 113449K, committed 115712K, reserved 1179648K
  class space    used 15541K, committed 16704K, reserved 1048576K
}
Event: 17.457 GC heap after
{Heap after GC invocations=46 (full 0):
 garbage-first heap   total 181248K, used 113420K [0x0000000080000000, 0x0000000100000000)
  region size 1024K, 7 young (7168K), 7 survivors (7168K)
 Metaspace       used 113449K, committed 115712K, reserved 1179648K
  class space    used 15541K, committed 16704K, reserved 1048576K
}
Event: 18.117 GC heap before
{Heap before GC invocations=46 (full 0):
 garbage-first heap   total 181248K, used 162572K [0x0000000080000000, 0x0000000100000000)
  region size 1024K, 55 young (56320K), 7 survivors (7168K)
 Metaspace       used 115790K, committed 118016K, reserved 1179648K
  class space    used 15855K, committed 17024K, reserved 1048576K
}
Event: 18.122 GC heap after
{Heap after GC invocations=47 (full 0):
 garbage-first heap   total 181248K, used 117294K [0x0000000080000000, 0x0000000100000000)
  region size 1024K, 7 young (7168K), 7 survivors (7168K)
 Metaspace       used 115790K, committed 118016K, reserved 1179648K
  class space    used 15855K, committed 17024K, reserved 1048576K
}
Event: 18.811 GC heap before
{Heap before GC invocations=48 (full 0):
 garbage-first heap   total 196608K, used 161326K [0x0000000080000000, 0x0000000100000000)
  region size 1024K, 51 young (52224K), 7 survivors (7168K)
 Metaspace       used 118759K, committed 121024K, reserved 1179648K
  class space    used 16345K, committed 17536K, reserved 1048576K
}
Event: 18.817 GC heap after
{Heap after GC invocations=49 (full 0):
 garbage-first heap   total 196608K, used 123988K [0x0000000080000000, 0x0000000100000000)
  region size 1024K, 7 young (7168K), 7 survivors (7168K)
 Metaspace       used 118759K, committed 121024K, reserved 1179648K
  class space    used 16345K, committed 17536K, reserved 1048576K
}

